[INFO] 18:57:53:115 DAM/(6210:6210): Se genero log de DAM
[INFO] 18:57:53:116 DAM/(6210:6210): Voy a leer el archivo DAM.config
[INFO] 18:57:53:128 DAM/(6210:6210): 	PUERTO ESCUCHA: 8000
[INFO] 18:57:53:128 DAM/(6210:6210): 	IP DE S-AFA: 127.0.0.1
[INFO] 18:57:53:128 DAM/(6210:6210): 	PUERTO DE S-AFA: 8001
[INFO] 18:57:53:128 DAM/(6210:6210): 	IP DE MDJ: 137.0.0.1
[INFO] 18:57:53:132 DAM/(6210:6210): 	PUERTO DE MDJ: 8002
[INFO] 18:57:53:132 DAM/(6210:6210): 	IP DE FM9: 127.0.0.1
[INFO] 18:57:53:132 DAM/(6210:6210): 	PUERTO DE FM9: 8003
[INFO] 18:57:53:132 DAM/(6210:6210): 	TRANSFER SIZE: 16
[INFO] 18:57:53:133 DAM/(6210:6210): Fin de lectura
[ERROR] 18:57:53:134 DAM/(6210:6210): no se pudo conectar con SAFA
[ERROR] 18:57:53:134 DAM/(6210:6210): no se pudo conectar con FM9
[INFO] 18:57:53:134 DAM/(6210:6210): me conecto al MDJ
[INFO] 18:57:53:134 DAM/(6210:6210): voy a escuchar el puerto 8000 
[INFO] 18:58:13:137 DAM/(6210:6212): El MDJ informa archivo inexistente
[INFO] 18:58:31:146 DAM/(6210:6210): Voy a cerrar DAM
[INFO] 18:58:31:146 DAM/(6210:6210): Cierro log de DAM
[INFO] 18:58:34:422 DAM/(6251:6251): Se genero log de DAM
[INFO] 18:58:34:427 DAM/(6251:6251): Voy a leer el archivo DAM.config
[INFO] 18:58:34:429 DAM/(6251:6251): 	PUERTO ESCUCHA: 8000
[INFO] 18:58:34:432 DAM/(6251:6251): 	IP DE S-AFA: 127.0.0.1
[INFO] 18:58:34:433 DAM/(6251:6251): 	PUERTO DE S-AFA: 8001
[INFO] 18:58:34:433 DAM/(6251:6251): 	IP DE MDJ: 137.0.0.1
[INFO] 18:58:34:433 DAM/(6251:6251): 	PUERTO DE MDJ: 8002
[INFO] 18:58:34:433 DAM/(6251:6251): 	IP DE FM9: 127.0.0.1
[INFO] 18:58:34:433 DAM/(6251:6251): 	PUERTO DE FM9: 8003
[INFO] 18:58:34:434 DAM/(6251:6251): 	TRANSFER SIZE: 16
[INFO] 18:58:34:434 DAM/(6251:6251): Fin de lectura
[ERROR] 18:58:34:435 DAM/(6251:6251): no se pudo conectar con SAFA
[ERROR] 18:58:34:436 DAM/(6251:6251): no se pudo conectar con FM9
[INFO] 18:58:34:436 DAM/(6251:6251): me conecto al MDJ
[INFO] 18:58:34:436 DAM/(6251:6251): voy a escuchar el puerto 8000 
[INFO] 18:58:54:444 DAM/(6251:6253): El MDJ informa archivo inexistente
[INFO] 19:00:40:384 DAM/(6251:6253): socket n° 7 se ha desconectado.

[INFO] 19:00:44:118 DAM/(6251:6251): Voy a cerrar DAM
[INFO] 19:00:44:119 DAM/(6251:6251): Cierro log de DAM
[INFO] 19:01:01:848 DAM/(6312:6312): Se genero log de DAM
[INFO] 19:01:01:849 DAM/(6312:6312): Voy a leer el archivo DAM.config
[INFO] 19:01:01:851 DAM/(6312:6312): 	PUERTO ESCUCHA: 8000
[INFO] 19:01:01:852 DAM/(6312:6312): 	IP DE S-AFA: 127.0.0.1
[INFO] 19:01:01:853 DAM/(6312:6312): 	PUERTO DE S-AFA: 8001
[INFO] 19:01:01:853 DAM/(6312:6312): 	IP DE MDJ: 137.0.0.1
[INFO] 19:01:01:853 DAM/(6312:6312): 	PUERTO DE MDJ: 8002
[INFO] 19:01:01:853 DAM/(6312:6312): 	IP DE FM9: 127.0.0.1
[INFO] 19:01:01:853 DAM/(6312:6312): 	PUERTO DE FM9: 8003
[INFO] 19:01:01:854 DAM/(6312:6312): 	TRANSFER SIZE: 16
[INFO] 19:01:01:860 DAM/(6312:6312): Fin de lectura
[ERROR] 19:01:01:861 DAM/(6312:6312): no se pudo conectar con SAFA
[ERROR] 19:01:01:862 DAM/(6312:6312): no se pudo conectar con FM9
[INFO] 19:01:01:862 DAM/(6312:6312): me conecto al MDJ
[INFO] 19:01:01:862 DAM/(6312:6312): voy a escuchar el puerto 8000 
[INFO] 19:01:21:872 DAM/(6312:6314): El MDJ informa archivo inexistente
[INFO] 19:02:32:330 DAM/(6312:6312): Voy a cerrar DAM
[INFO] 19:02:32:331 DAM/(6312:6312): Cierro log de DAM
[INFO] 19:02:37:714 DAM/(6369:6369): Se genero log de DAM
[INFO] 19:02:37:721 DAM/(6369:6369): Voy a leer el archivo DAM.config
[INFO] 19:02:37:723 DAM/(6369:6369): 	PUERTO ESCUCHA: 8000
[INFO] 19:02:37:725 DAM/(6369:6369): 	IP DE S-AFA: 127.0.0.1
[INFO] 19:02:37:726 DAM/(6369:6369): 	PUERTO DE S-AFA: 8001
[INFO] 19:02:37:727 DAM/(6369:6369): 	IP DE MDJ: 137.0.0.1
[INFO] 19:02:37:727 DAM/(6369:6369): 	PUERTO DE MDJ: 8002
[INFO] 19:02:37:727 DAM/(6369:6369): 	IP DE FM9: 127.0.0.1
[INFO] 19:02:37:728 DAM/(6369:6369): 	PUERTO DE FM9: 8003
[INFO] 19:02:37:728 DAM/(6369:6369): 	TRANSFER SIZE: 16
[INFO] 19:02:37:728 DAM/(6369:6369): Fin de lectura
[ERROR] 19:02:37:729 DAM/(6369:6369): no se pudo conectar con SAFA
[ERROR] 19:02:37:730 DAM/(6369:6369): no se pudo conectar con FM9
[INFO] 19:02:37:730 DAM/(6369:6369): me conecto al MDJ
[INFO] 19:02:37:730 DAM/(6369:6369): voy a escuchar el puerto 8000 
[INFO] 19:02:57:734 DAM/(6369:6372): El MDJ informa archivo inexistente
[INFO] 19:03:19:892 DAM/(6369:6369): Voy a cerrar DAM
[INFO] 19:03:19:893 DAM/(6369:6369): Cierro log de DAM
[INFO] 19:10:33:30 DAM/(6668:6668): Se genero log de DAM
[INFO] 19:10:33:64 DAM/(6668:6668): Voy a leer el archivo DAM.config
[INFO] 19:10:33:67 DAM/(6668:6668): 	PUERTO ESCUCHA: 8000
[INFO] 19:10:33:68 DAM/(6668:6668): 	IP DE S-AFA: 127.0.0.1
[INFO] 19:10:33:68 DAM/(6668:6668): 	PUERTO DE S-AFA: 8001
[INFO] 19:10:33:69 DAM/(6668:6668): 	IP DE MDJ: 137.0.0.1
[INFO] 19:10:33:69 DAM/(6668:6668): 	PUERTO DE MDJ: 8002
[INFO] 19:10:33:69 DAM/(6668:6668): 	IP DE FM9: 127.0.0.1
[INFO] 19:10:33:70 DAM/(6668:6668): 	PUERTO DE FM9: 8003
[INFO] 19:10:33:70 DAM/(6668:6668): 	TRANSFER SIZE: 16
[INFO] 19:10:33:70 DAM/(6668:6668): Fin de lectura
[ERROR] 19:10:33:71 DAM/(6668:6668): no se pudo conectar con SAFA
[ERROR] 19:10:33:71 DAM/(6668:6668): no se pudo conectar con FM9
[INFO] 19:10:33:72 DAM/(6668:6668): me conecto al MDJ
[INFO] 19:10:33:72 DAM/(6668:6668): voy a escuchar el puerto 8000 
[INFO] 19:10:38:76 DAM/(6668:6670): El MDJ informa archivo inexistente
[INFO] 19:11:49:563 DAM/(6668:6670): socket n° 7 se ha desconectado.

[INFO] 19:11:53:170 DAM/(6668:6668): Voy a cerrar DAM
[INFO] 19:11:53:171 DAM/(6668:6668): Cierro log de DAM
[INFO] 19:12:14:21 DAM/(6759:6759): Se genero log de DAM
[INFO] 19:12:14:23 DAM/(6759:6759): Voy a leer el archivo DAM.config
[INFO] 19:12:14:25 DAM/(6759:6759): 	PUERTO ESCUCHA: 8000
[INFO] 19:12:14:27 DAM/(6759:6759): 	IP DE S-AFA: 127.0.0.1
[INFO] 19:12:14:28 DAM/(6759:6759): 	PUERTO DE S-AFA: 8001
[INFO] 19:12:14:28 DAM/(6759:6759): 	IP DE MDJ: 137.0.0.1
[INFO] 19:12:14:28 DAM/(6759:6759): 	PUERTO DE MDJ: 8002
[INFO] 19:12:14:28 DAM/(6759:6759): 	IP DE FM9: 127.0.0.1
[INFO] 19:12:14:28 DAM/(6759:6759): 	PUERTO DE FM9: 8003
[INFO] 19:12:14:28 DAM/(6759:6759): 	TRANSFER SIZE: 16
[INFO] 19:12:14:29 DAM/(6759:6759): Fin de lectura
[ERROR] 19:12:14:30 DAM/(6759:6759): no se pudo conectar con SAFA
[ERROR] 19:12:14:30 DAM/(6759:6759): no se pudo conectar con FM9
[INFO] 19:12:14:30 DAM/(6759:6759): me conecto al MDJ
[INFO] 19:12:14:30 DAM/(6759:6759): voy a escuchar el puerto 8000 
[INFO] 19:12:19:32 DAM/(6759:6761): El MDJ informa archivo inexistente
[INFO] 19:12:40:493 DAM/(6759:6761): socket n° 7 se ha desconectado.

[INFO] 19:12:44:872 DAM/(6759:6759): Voy a cerrar DAM
[INFO] 19:12:44:875 DAM/(6759:6759): Cierro log de DAM
[INFO] 19:12:53:344 DAM/(6809:6809): Se genero log de DAM
[INFO] 19:12:53:346 DAM/(6809:6809): Voy a leer el archivo DAM.config
[INFO] 19:12:53:348 DAM/(6809:6809): 	PUERTO ESCUCHA: 8000
[INFO] 19:12:53:349 DAM/(6809:6809): 	IP DE S-AFA: 127.0.0.1
[INFO] 19:12:53:350 DAM/(6809:6809): 	PUERTO DE S-AFA: 8001
[INFO] 19:12:53:350 DAM/(6809:6809): 	IP DE MDJ: 137.0.0.1
[INFO] 19:12:53:350 DAM/(6809:6809): 	PUERTO DE MDJ: 8002
[INFO] 19:12:53:350 DAM/(6809:6809): 	IP DE FM9: 127.0.0.1
[INFO] 19:12:53:350 DAM/(6809:6809): 	PUERTO DE FM9: 8003
[INFO] 19:12:53:351 DAM/(6809:6809): 	TRANSFER SIZE: 16
[INFO] 19:12:53:351 DAM/(6809:6809): Fin de lectura
[ERROR] 19:12:53:352 DAM/(6809:6809): no se pudo conectar con SAFA
[ERROR] 19:12:53:352 DAM/(6809:6809): no se pudo conectar con FM9
[INFO] 19:12:53:352 DAM/(6809:6809): me conecto al MDJ
[INFO] 19:12:53:353 DAM/(6809:6809): voy a escuchar el puerto 8000 
[INFO] 19:12:58:358 DAM/(6809:6811): El MDJ informa archivo inexistente
[INFO] 19:14:21:449 DAM/(6809:6809): Voy a cerrar DAM
[INFO] 19:14:21:454 DAM/(6809:6809): Cierro log de DAM
[INFO] 19:14:27:632 DAM/(6888:6888): Se genero log de DAM
[INFO] 19:14:27:634 DAM/(6888:6888): Voy a leer el archivo DAM.config
[INFO] 19:14:27:636 DAM/(6888:6888): 	PUERTO ESCUCHA: 8000
[INFO] 19:14:27:638 DAM/(6888:6888): 	IP DE S-AFA: 127.0.0.1
[INFO] 19:14:27:638 DAM/(6888:6888): 	PUERTO DE S-AFA: 8001
[INFO] 19:14:27:638 DAM/(6888:6888): 	IP DE MDJ: 137.0.0.1
[INFO] 19:14:27:638 DAM/(6888:6888): 	PUERTO DE MDJ: 8002
[INFO] 19:14:27:638 DAM/(6888:6888): 	IP DE FM9: 127.0.0.1
[INFO] 19:14:27:638 DAM/(6888:6888): 	PUERTO DE FM9: 8003
[INFO] 19:14:27:639 DAM/(6888:6888): 	TRANSFER SIZE: 16
[INFO] 19:14:27:639 DAM/(6888:6888): Fin de lectura
[ERROR] 19:14:27:640 DAM/(6888:6888): no se pudo conectar con SAFA
[ERROR] 19:14:27:640 DAM/(6888:6888): no se pudo conectar con FM9
[INFO] 19:14:27:640 DAM/(6888:6888): me conecto al MDJ
[INFO] 19:14:27:640 DAM/(6888:6888): voy a escuchar el puerto 8000 
[INFO] 19:14:32:652 DAM/(6888:6890): El MDJ informa archivo inexistente
[INFO] 19:14:48:138 DAM/(6888:6888): Voy a cerrar DAM
[INFO] 19:14:48:138 DAM/(6888:6888): Cierro log de DAM
[INFO] 19:14:51:205 DAM/(6923:6923): Se genero log de DAM
[INFO] 19:14:51:207 DAM/(6923:6923): Voy a leer el archivo DAM.config
[INFO] 19:14:51:208 DAM/(6923:6923): 	PUERTO ESCUCHA: 8000
[INFO] 19:14:51:209 DAM/(6923:6923): 	IP DE S-AFA: 127.0.0.1
[INFO] 19:14:51:210 DAM/(6923:6923): 	PUERTO DE S-AFA: 8001
[INFO] 19:14:51:210 DAM/(6923:6923): 	IP DE MDJ: 137.0.0.1
[INFO] 19:14:51:210 DAM/(6923:6923): 	PUERTO DE MDJ: 8002
[INFO] 19:14:51:210 DAM/(6923:6923): 	IP DE FM9: 127.0.0.1
[INFO] 19:14:51:211 DAM/(6923:6923): 	PUERTO DE FM9: 8003
[INFO] 19:14:51:211 DAM/(6923:6923): 	TRANSFER SIZE: 16
[INFO] 19:14:51:211 DAM/(6923:6923): Fin de lectura
[ERROR] 19:14:51:212 DAM/(6923:6923): no se pudo conectar con SAFA
[ERROR] 19:14:51:212 DAM/(6923:6923): no se pudo conectar con FM9
[INFO] 19:14:51:212 DAM/(6923:6923): me conecto al MDJ
[INFO] 19:14:51:212 DAM/(6923:6923): voy a escuchar el puerto 8000 
[INFO] 19:14:56:220 DAM/(6923:6925): El MDJ informa archivo inexistente
[INFO] 19:18:04:548 DAM/(6923:6923): Voy a cerrar DAM
[INFO] 19:18:04:548 DAM/(6923:6923): Cierro log de DAM
[INFO] 19:21:09:391 DAM/(7081:7081): Se genero log de DAM
[INFO] 19:21:09:393 DAM/(7081:7081): Voy a leer el archivo DAM.config
[INFO] 19:21:09:394 DAM/(7081:7081): 	PUERTO ESCUCHA: 8000
[INFO] 19:21:09:396 DAM/(7081:7081): 	IP DE S-AFA: 127.0.0.1
[INFO] 19:21:09:396 DAM/(7081:7081): 	PUERTO DE S-AFA: 8001
[INFO] 19:21:09:397 DAM/(7081:7081): 	IP DE MDJ: 137.0.0.1
[INFO] 19:21:09:397 DAM/(7081:7081): 	PUERTO DE MDJ: 8002
[INFO] 19:21:09:397 DAM/(7081:7081): 	IP DE FM9: 127.0.0.1
[INFO] 19:21:09:400 DAM/(7081:7081): 	PUERTO DE FM9: 8003
[INFO] 19:21:09:401 DAM/(7081:7081): 	TRANSFER SIZE: 16
[INFO] 19:21:09:401 DAM/(7081:7081): Fin de lectura
[ERROR] 19:21:09:403 DAM/(7081:7081): no se pudo conectar con SAFA
[ERROR] 19:21:09:403 DAM/(7081:7081): no se pudo conectar con FM9
[INFO] 19:21:09:404 DAM/(7081:7081): me conecto al MDJ
[INFO] 19:21:09:404 DAM/(7081:7081): voy a escuchar el puerto 8000 
[INFO] 19:21:56:858 DAM/(7081:7081): Voy a cerrar DAM
[INFO] 19:21:56:859 DAM/(7081:7081): Cierro log de DAM
[INFO] 19:21:59:149 DAM/(7121:7121): Se genero log de DAM
[INFO] 19:21:59:151 DAM/(7121:7121): Voy a leer el archivo DAM.config
[INFO] 19:21:59:152 DAM/(7121:7121): 	PUERTO ESCUCHA: 8000
[INFO] 19:21:59:154 DAM/(7121:7121): 	IP DE S-AFA: 127.0.0.1
[INFO] 19:21:59:154 DAM/(7121:7121): 	PUERTO DE S-AFA: 8001
[INFO] 19:21:59:154 DAM/(7121:7121): 	IP DE MDJ: 137.0.0.1
[INFO] 19:21:59:161 DAM/(7121:7121): 	PUERTO DE MDJ: 8002
[INFO] 19:21:59:162 DAM/(7121:7121): 	IP DE FM9: 127.0.0.1
[INFO] 19:21:59:162 DAM/(7121:7121): 	PUERTO DE FM9: 8003
[INFO] 19:21:59:162 DAM/(7121:7121): 	TRANSFER SIZE: 16
[INFO] 19:21:59:162 DAM/(7121:7121): Fin de lectura
[ERROR] 19:21:59:164 DAM/(7121:7121): no se pudo conectar con SAFA
[ERROR] 19:21:59:164 DAM/(7121:7121): no se pudo conectar con FM9
[INFO] 19:21:59:164 DAM/(7121:7121): me conecto al MDJ
[INFO] 19:21:59:164 DAM/(7121:7121): voy a escuchar el puerto 8000 
[INFO] 19:24:15:95 DAM/(7121:7121): Voy a cerrar DAM
[INFO] 19:24:15:98 DAM/(7121:7121): Cierro log de DAM
[INFO] 19:24:40:487 DAM/(7229:7229): Se genero log de DAM
[INFO] 19:24:40:488 DAM/(7229:7229): Voy a leer el archivo DAM.config
[INFO] 19:24:40:490 DAM/(7229:7229): 	PUERTO ESCUCHA: 8000
[INFO] 19:24:40:491 DAM/(7229:7229): 	IP DE S-AFA: 127.0.0.1
[INFO] 19:24:40:492 DAM/(7229:7229): 	PUERTO DE S-AFA: 8001
[INFO] 19:24:40:492 DAM/(7229:7229): 	IP DE MDJ: 137.0.0.1
[INFO] 19:24:40:492 DAM/(7229:7229): 	PUERTO DE MDJ: 8002
[INFO] 19:24:40:492 DAM/(7229:7229): 	IP DE FM9: 127.0.0.1
[INFO] 19:24:40:493 DAM/(7229:7229): 	PUERTO DE FM9: 8003
[INFO] 19:24:40:493 DAM/(7229:7229): 	TRANSFER SIZE: 16
[INFO] 19:24:40:493 DAM/(7229:7229): Fin de lectura
[ERROR] 19:24:40:496 DAM/(7229:7229): no se pudo conectar con SAFA
[ERROR] 19:24:40:507 DAM/(7229:7229): no se pudo conectar con FM9
[INFO] 19:24:40:508 DAM/(7229:7229): me conecto al MDJ
[INFO] 19:24:40:508 DAM/(7229:7229): voy a escuchar el puerto 8000 
[INFO] 19:24:45:509 DAM/(7229:7231):  El MDJ informa archivo existente
[INFO] 19:27:34:719 DAM/(7229:7231): socket n° 7 se ha desconectado.

[INFO] 19:27:37:758 DAM/(7229:7229): Voy a cerrar DAM
[INFO] 19:27:37:759 DAM/(7229:7229): Cierro log de DAM
[INFO] 19:27:44:810 DAM/(7319:7319): Se genero log de DAM
[INFO] 19:27:44:813 DAM/(7319:7319): Voy a leer el archivo DAM.config
[INFO] 19:27:44:814 DAM/(7319:7319): 	PUERTO ESCUCHA: 8000
[INFO] 19:27:44:816 DAM/(7319:7319): 	IP DE S-AFA: 127.0.0.1
[INFO] 19:27:44:816 DAM/(7319:7319): 	PUERTO DE S-AFA: 8001
[INFO] 19:27:44:816 DAM/(7319:7319): 	IP DE MDJ: 137.0.0.1
[INFO] 19:27:44:816 DAM/(7319:7319): 	PUERTO DE MDJ: 8002
[INFO] 19:27:44:816 DAM/(7319:7319): 	IP DE FM9: 127.0.0.1
[INFO] 19:27:44:816 DAM/(7319:7319): 	PUERTO DE FM9: 8003
[INFO] 19:27:44:817 DAM/(7319:7319): 	TRANSFER SIZE: 16
[INFO] 19:27:44:817 DAM/(7319:7319): Fin de lectura
[ERROR] 19:27:44:819 DAM/(7319:7319): no se pudo conectar con SAFA
[ERROR] 19:27:44:820 DAM/(7319:7319): no se pudo conectar con FM9
[INFO] 19:27:44:821 DAM/(7319:7319): me conecto al MDJ
[INFO] 19:27:44:821 DAM/(7319:7319): voy a escuchar el puerto 8000 
[INFO] 19:27:49:823 DAM/(7319:7321):  El MDJ informa archivo existente
[INFO] 19:31:02:239 DAM/(7319:7319): Voy a cerrar DAM
[INFO] 19:31:02:240 DAM/(7319:7319): Cierro log de DAM
[INFO] 19:32:02:808 DAM/(7431:7431): Se genero log de DAM
[INFO] 19:32:02:810 DAM/(7431:7431): Voy a leer el archivo DAM.config
[INFO] 19:32:02:811 DAM/(7431:7431): 	PUERTO ESCUCHA: 8000
[INFO] 19:32:02:812 DAM/(7431:7431): 	IP DE S-AFA: 127.0.0.1
[INFO] 19:32:02:813 DAM/(7431:7431): 	PUERTO DE S-AFA: 8001
[INFO] 19:32:02:813 DAM/(7431:7431): 	IP DE MDJ: 137.0.0.1
[INFO] 19:32:02:813 DAM/(7431:7431): 	PUERTO DE MDJ: 8002
[INFO] 19:32:02:814 DAM/(7431:7431): 	IP DE FM9: 127.0.0.1
[INFO] 19:32:02:814 DAM/(7431:7431): 	PUERTO DE FM9: 8003
[INFO] 19:32:02:814 DAM/(7431:7431): 	TRANSFER SIZE: 16
[INFO] 19:32:02:814 DAM/(7431:7431): Fin de lectura
[ERROR] 19:32:02:820 DAM/(7431:7431): no se pudo conectar con SAFA
[ERROR] 19:32:02:820 DAM/(7431:7431): no se pudo conectar con FM9
[INFO] 19:32:02:820 DAM/(7431:7431): me conecto al MDJ
[INFO] 19:32:02:820 DAM/(7431:7431): voy a escuchar el puerto 8000 
[INFO] 19:32:07:823 DAM/(7431:7433):  El MDJ informa archivo existente
[INFO] 19:32:11:850 DAM/(7431:7431): Voy a cerrar DAM
[INFO] 19:32:11:850 DAM/(7431:7431): Cierro log de DAM
[INFO] 19:35:02:302 DAM/(7528:7528): Se genero log de DAM
[INFO] 19:35:02:304 DAM/(7528:7528): Voy a leer el archivo DAM.config
[INFO] 19:35:02:305 DAM/(7528:7528): 	PUERTO ESCUCHA: 8000
[INFO] 19:35:02:305 DAM/(7528:7528): 	IP DE S-AFA: 127.0.0.1
[INFO] 19:35:02:306 DAM/(7528:7528): 	PUERTO DE S-AFA: 8001
[INFO] 19:35:02:306 DAM/(7528:7528): 	IP DE MDJ: 137.0.0.1
[INFO] 19:35:02:306 DAM/(7528:7528): 	PUERTO DE MDJ: 8002
[INFO] 19:35:02:306 DAM/(7528:7528): 	IP DE FM9: 127.0.0.1
[INFO] 19:35:02:307 DAM/(7528:7528): 	PUERTO DE FM9: 8003
[INFO] 19:35:02:309 DAM/(7528:7528): 	TRANSFER SIZE: 16
[INFO] 19:35:02:311 DAM/(7528:7528): Fin de lectura
[ERROR] 19:35:02:313 DAM/(7528:7528): no se pudo conectar con SAFA
[ERROR] 19:35:02:313 DAM/(7528:7528): no se pudo conectar con FM9
[INFO] 19:35:02:313 DAM/(7528:7528): me conecto al MDJ
[INFO] 19:35:02:313 DAM/(7528:7528): voy a escuchar el puerto 8000 
[INFO] 19:35:07:317 DAM/(7528:7530): El MDJ informa que el archivo no existia,por lo que no se podia borrar
[INFO] 04:16:46:605 DAM/(9959:9959): Se genero log de DAM
[INFO] 04:16:46:607 DAM/(9959:9959): Voy a leer el archivo DAM.config
[INFO] 04:16:46:609 DAM/(9959:9959): 	PUERTO ESCUCHA: 8000
[INFO] 04:16:46:610 DAM/(9959:9959): 	IP DE S-AFA: 127.0.0.1
[INFO] 04:16:46:611 DAM/(9959:9959): 	PUERTO DE S-AFA: 8001
[INFO] 04:16:46:612 DAM/(9959:9959): 	IP DE MDJ: 137.0.0.1
[INFO] 04:16:46:612 DAM/(9959:9959): 	PUERTO DE MDJ: 8002
[INFO] 04:16:46:612 DAM/(9959:9959): 	IP DE FM9: 127.0.0.1
[INFO] 04:16:46:613 DAM/(9959:9959): 	PUERTO DE FM9: 8003
[INFO] 04:16:46:613 DAM/(9959:9959): 	TRANSFER SIZE: 16
[INFO] 04:16:46:613 DAM/(9959:9959): Fin de lectura
[INFO] 04:16:46:614 DAM/(9959:9959): me conecto al SAFA
[INFO] 04:16:46:614 DAM/(9959:9959): me conecto al FM9
[ERROR] 04:16:46:614 DAM/(9959:9959): no se pudo conectar con MDJ
[INFO] 04:16:46:614 DAM/(9959:9959): voy a escuchar el puerto 8000 
[INFO] 04:17:08:158 DAM/(9959:9961): socket n° 4 se ha desconectado.

[INFO] 04:17:21:0 DAM/(9959:9988): socket n° 8 se ha desconectado.

[INFO] 04:22:39:624 DAM/(9959:10034): socket n° 9 se ha desconectado.

[INFO] 04:23:26:467 DAM/(9959:10196): socket n° 4 se ha desconectado.

[INFO] 04:28:07:99 DAM/(9959:10237): socket n° 8 se ha desconectado.

[INFO] 04:32:28:805 DAM/(9959:10382): socket n° 4 se ha desconectado.

[INFO] 04:35:32:28 DAM/(9959:10515): socket n° 8 se ha desconectado.

[INFO] 04:39:43:422 DAM/(9959:10649): socket n° 4 se ha desconectado.

[INFO] 04:41:49:795 DAM/(9959:9959): Voy a cerrar DAM
[INFO] 04:41:49:796 DAM/(9959:9959): Cierro log de DAM
[INFO] 04:41:51:964 DAM/(10860:10860): Se genero log de DAM
[INFO] 04:41:51:965 DAM/(10860:10860): Voy a leer el archivo DAM.config
[INFO] 04:41:51:967 DAM/(10860:10860): 	PUERTO ESCUCHA: 8000
[INFO] 04:41:51:968 DAM/(10860:10860): 	IP DE S-AFA: 127.0.0.1
[INFO] 04:41:51:969 DAM/(10860:10860): 	PUERTO DE S-AFA: 8001
[INFO] 04:41:51:971 DAM/(10860:10860): 	IP DE MDJ: 137.0.0.1
[INFO] 04:41:51:971 DAM/(10860:10860): 	PUERTO DE MDJ: 8002
[INFO] 04:41:51:972 DAM/(10860:10860): 	IP DE FM9: 127.0.0.1
[INFO] 04:41:51:972 DAM/(10860:10860): 	PUERTO DE FM9: 8003
[INFO] 04:41:51:972 DAM/(10860:10860): 	TRANSFER SIZE: 16
[INFO] 04:41:51:972 DAM/(10860:10860): Fin de lectura
[INFO] 04:41:51:973 DAM/(10860:10860): me conecto al SAFA
[INFO] 04:41:51:973 DAM/(10860:10860): me conecto al FM9
[ERROR] 04:41:51:974 DAM/(10860:10860): no se pudo conectar con MDJ
[INFO] 04:41:51:974 DAM/(10860:10860): voy a escuchar el puerto 8000 
[INFO] 04:43:02:232 DAM/(10860:10862): socket n° 4 se ha desconectado.

[INFO] 05:59:05:670 DAM/(10860:11065): socket n° 8 se ha desconectado.

[INFO] 06:06:43:459 DAM/(10860:10864): socket n° 5 se ha desconectado.

[INFO] 16:58:49:35 DAM/(4813:4813): Se genero log de DAM
[INFO] 16:58:49:37 DAM/(4813:4813): Voy a leer el archivo DAM.config
[INFO] 16:58:49:39 DAM/(4813:4813): 	PUERTO ESCUCHA: 8000
[INFO] 16:58:49:41 DAM/(4813:4813): 	IP DE S-AFA: 127.0.0.1
[INFO] 16:58:49:41 DAM/(4813:4813): 	PUERTO DE S-AFA: 8001
[INFO] 16:58:49:42 DAM/(4813:4813): 	IP DE MDJ: 137.0.0.1
[INFO] 16:58:49:44 DAM/(4813:4813): 	PUERTO DE MDJ: 8002
[INFO] 16:58:49:45 DAM/(4813:4813): 	IP DE FM9: 127.0.0.1
[INFO] 16:58:49:45 DAM/(4813:4813): 	PUERTO DE FM9: 8003
[INFO] 16:58:49:46 DAM/(4813:4813): 	TRANSFER SIZE: 16
[INFO] 16:58:49:46 DAM/(4813:4813): Fin de lectura
[INFO] 16:58:49:47 DAM/(4813:4813): me conecto al SAFA
[INFO] 16:58:49:47 DAM/(4813:4813): me conecto al FM9
[ERROR] 16:58:49:48 DAM/(4813:4813): no se pudo conectar con MDJ
[INFO] 16:58:49:48 DAM/(4813:4813): voy a escuchar el puerto 8000 
[INFO] 17:01:14:12 DAM/(4813:4815): socket n° 4 se ha desconectado.

[INFO] 17:02:47:824 DAM/(4813:4843): socket n° 8 se ha desconectado.

[INFO] 17:06:33:668 DAM/(4813:4999): socket n° 9 se ha desconectado.

[INFO] 17:08:11:61 DAM/(4813:4813): Voy a cerrar DAM
[INFO] 17:08:11:62 DAM/(4813:4813): Cierro log de DAM
[INFO] 17:08:12:618 DAM/(5230:5230): Se genero log de DAM
[INFO] 17:08:12:622 DAM/(5230:5230): Voy a leer el archivo DAM.config
[INFO] 17:08:12:626 DAM/(5230:5230): 	PUERTO ESCUCHA: 8000
[INFO] 17:08:12:626 DAM/(5230:5230): 	IP DE S-AFA: 127.0.0.1
[INFO] 17:08:12:626 DAM/(5230:5230): 	PUERTO DE S-AFA: 8001
[INFO] 17:08:12:627 DAM/(5230:5230): 	IP DE MDJ: 137.0.0.1
[INFO] 17:08:12:627 DAM/(5230:5230): 	PUERTO DE MDJ: 8002
[INFO] 17:08:12:627 DAM/(5230:5230): 	IP DE FM9: 127.0.0.1
[INFO] 17:08:12:627 DAM/(5230:5230): 	PUERTO DE FM9: 8003
[INFO] 17:08:12:627 DAM/(5230:5230): 	TRANSFER SIZE: 16
[INFO] 17:08:12:628 DAM/(5230:5230): Fin de lectura
[INFO] 17:08:12:629 DAM/(5230:5230): me conecto al SAFA
[INFO] 17:08:12:629 DAM/(5230:5230): me conecto al FM9
[ERROR] 17:08:12:629 DAM/(5230:5230): no se pudo conectar con MDJ
[INFO] 17:08:12:629 DAM/(5230:5230): voy a escuchar el puerto 8000 
[INFO] 17:12:04:94 DAM/(5230:5232): socket n° 4 se ha desconectado.

[INFO] 17:12:23:48 DAM/(5230:5230): Voy a cerrar DAM
[INFO] 17:12:23:49 DAM/(5230:5230): Cierro log de DAM
[INFO] 17:12:24:791 DAM/(5380:5380): Se genero log de DAM
[INFO] 17:12:24:792 DAM/(5380:5380): Voy a leer el archivo DAM.config
[INFO] 17:12:24:793 DAM/(5380:5380): 	PUERTO ESCUCHA: 8000
[INFO] 17:12:24:795 DAM/(5380:5380): 	IP DE S-AFA: 127.0.0.1
[INFO] 17:12:24:796 DAM/(5380:5380): 	PUERTO DE S-AFA: 8001
[INFO] 17:12:24:796 DAM/(5380:5380): 	IP DE MDJ: 137.0.0.1
[INFO] 17:12:24:796 DAM/(5380:5380): 	PUERTO DE MDJ: 8002
[INFO] 17:12:24:797 DAM/(5380:5380): 	IP DE FM9: 127.0.0.1
[INFO] 17:12:24:797 DAM/(5380:5380): 	PUERTO DE FM9: 8003
[INFO] 17:12:24:797 DAM/(5380:5380): 	TRANSFER SIZE: 16
[INFO] 17:12:24:797 DAM/(5380:5380): Fin de lectura
[INFO] 17:12:24:799 DAM/(5380:5380): me conecto al SAFA
[INFO] 17:12:24:799 DAM/(5380:5380): me conecto al FM9
[ERROR] 17:12:24:799 DAM/(5380:5380): no se pudo conectar con MDJ
[INFO] 17:12:24:800 DAM/(5380:5380): voy a escuchar el puerto 8000 
[INFO] 17:16:05:42 DAM/(5380:5381): socket n° 4 se ha desconectado.

[INFO] 17:21:09:932 DAM/(5380:5380): Voy a cerrar DAM
[INFO] 17:21:09:932 DAM/(5380:5380): Cierro log de DAM
[INFO] 17:21:11:859 DAM/(5665:5665): Se genero log de DAM
[INFO] 17:21:11:861 DAM/(5665:5665): Voy a leer el archivo DAM.config
[INFO] 17:21:11:863 DAM/(5665:5665): 	PUERTO ESCUCHA: 8000
[INFO] 17:21:11:867 DAM/(5665:5665): 	IP DE S-AFA: 127.0.0.1
[INFO] 17:21:11:867 DAM/(5665:5665): 	PUERTO DE S-AFA: 8001
[INFO] 17:21:11:867 DAM/(5665:5665): 	IP DE MDJ: 137.0.0.1
[INFO] 17:21:11:867 DAM/(5665:5665): 	PUERTO DE MDJ: 8002
[INFO] 17:21:11:868 DAM/(5665:5665): 	IP DE FM9: 127.0.0.1
[INFO] 17:21:11:868 DAM/(5665:5665): 	PUERTO DE FM9: 8003
[INFO] 17:21:11:868 DAM/(5665:5665): 	TRANSFER SIZE: 16
[INFO] 17:21:11:868 DAM/(5665:5665): Fin de lectura
[INFO] 17:21:11:869 DAM/(5665:5665): me conecto al SAFA
[INFO] 17:21:11:869 DAM/(5665:5665): me conecto al FM9
[ERROR] 17:21:11:870 DAM/(5665:5665): no se pudo conectar con MDJ
[INFO] 17:21:11:870 DAM/(5665:5665): voy a escuchar el puerto 8000 
[INFO] 17:23:23:250 DAM/(5665:5666): socket n° 4 se ha desconectado.

[INFO] 17:26:20:367 DAM/(5665:5665): Voy a cerrar DAM
[INFO] 17:26:20:367 DAM/(5665:5665): Cierro log de DAM
[INFO] 17:26:21:93 DAM/(5874:5874): Se genero log de DAM
[INFO] 17:26:21:95 DAM/(5874:5874): Voy a leer el archivo DAM.config
[INFO] 17:26:21:97 DAM/(5874:5874): 	PUERTO ESCUCHA: 8000
[INFO] 17:26:21:98 DAM/(5874:5874): 	IP DE S-AFA: 127.0.0.1
[INFO] 17:26:21:98 DAM/(5874:5874): 	PUERTO DE S-AFA: 8001
[INFO] 17:26:21:99 DAM/(5874:5874): 	IP DE MDJ: 137.0.0.1
[INFO] 17:26:21:99 DAM/(5874:5874): 	PUERTO DE MDJ: 8002
[INFO] 17:26:21:99 DAM/(5874:5874): 	IP DE FM9: 127.0.0.1
[INFO] 17:26:21:99 DAM/(5874:5874): 	PUERTO DE FM9: 8003
[INFO] 17:26:21:99 DAM/(5874:5874): 	TRANSFER SIZE: 16
[INFO] 17:26:21:100 DAM/(5874:5874): Fin de lectura
[INFO] 17:26:21:101 DAM/(5874:5874): me conecto al SAFA
[INFO] 17:26:21:101 DAM/(5874:5874): me conecto al FM9
[ERROR] 17:26:21:101 DAM/(5874:5874): no se pudo conectar con MDJ
[INFO] 17:26:21:101 DAM/(5874:5874): voy a escuchar el puerto 8000 
[INFO] 17:29:36:288 DAM/(5874:5876): socket n° 4 se ha desconectado.

[INFO] 17:32:25:10 DAM/(5874:5874): Voy a cerrar DAM
[INFO] 17:32:25:11 DAM/(5874:5874): Cierro log de DAM
[INFO] 17:32:26:32 DAM/(6184:6184): Se genero log de DAM
[INFO] 17:32:26:34 DAM/(6184:6184): Voy a leer el archivo DAM.config
[INFO] 17:32:26:36 DAM/(6184:6184): 	PUERTO ESCUCHA: 8000
[INFO] 17:32:26:37 DAM/(6184:6184): 	IP DE S-AFA: 127.0.0.1
[INFO] 17:32:26:37 DAM/(6184:6184): 	PUERTO DE S-AFA: 8001
[INFO] 17:32:26:37 DAM/(6184:6184): 	IP DE MDJ: 137.0.0.1
[INFO] 17:32:26:38 DAM/(6184:6184): 	PUERTO DE MDJ: 8002
[INFO] 17:32:26:38 DAM/(6184:6184): 	IP DE FM9: 127.0.0.1
[INFO] 17:32:26:38 DAM/(6184:6184): 	PUERTO DE FM9: 8003
[INFO] 17:32:26:39 DAM/(6184:6184): 	TRANSFER SIZE: 16
[INFO] 17:32:26:39 DAM/(6184:6184): Fin de lectura
[INFO] 17:32:26:40 DAM/(6184:6184): me conecto al SAFA
[INFO] 17:32:26:40 DAM/(6184:6184): me conecto al FM9
[ERROR] 17:32:26:40 DAM/(6184:6184): no se pudo conectar con MDJ
[INFO] 17:32:26:40 DAM/(6184:6184): voy a escuchar el puerto 8000 
[INFO] 17:37:12:24 DAM/(6184:6186): socket n° 4 se ha desconectado.

[INFO] 17:37:32:11 DAM/(6184:6184): Voy a cerrar DAM
[INFO] 17:37:32:11 DAM/(6184:6184): Cierro log de DAM
[INFO] 17:37:33:601 DAM/(6439:6439): Se genero log de DAM
[INFO] 17:37:33:603 DAM/(6439:6439): Voy a leer el archivo DAM.config
[INFO] 17:37:33:605 DAM/(6439:6439): 	PUERTO ESCUCHA: 8000
[INFO] 17:37:33:606 DAM/(6439:6439): 	IP DE S-AFA: 127.0.0.1
[INFO] 17:37:33:606 DAM/(6439:6439): 	PUERTO DE S-AFA: 8001
[INFO] 17:37:33:607 DAM/(6439:6439): 	IP DE MDJ: 137.0.0.1
[INFO] 17:37:33:607 DAM/(6439:6439): 	PUERTO DE MDJ: 8002
[INFO] 17:37:33:608 DAM/(6439:6439): 	IP DE FM9: 127.0.0.1
[INFO] 17:37:33:608 DAM/(6439:6439): 	PUERTO DE FM9: 8003
[INFO] 17:37:33:608 DAM/(6439:6439): 	TRANSFER SIZE: 16
[INFO] 17:37:33:608 DAM/(6439:6439): Fin de lectura
[INFO] 17:37:33:609 DAM/(6439:6439): me conecto al SAFA
[INFO] 17:37:33:609 DAM/(6439:6439): me conecto al FM9
[ERROR] 17:37:33:610 DAM/(6439:6439): no se pudo conectar con MDJ
[INFO] 17:37:33:610 DAM/(6439:6439): voy a escuchar el puerto 8000 
[INFO] 17:40:52:0 DAM/(6439:6441): socket n° 4 se ha desconectado.

[INFO] 17:41:21:322 DAM/(6439:6439): Voy a cerrar DAM
[INFO] 17:41:21:323 DAM/(6439:6439): Cierro log de DAM
[INFO] 17:41:22:884 DAM/(6710:6710): Se genero log de DAM
[INFO] 17:41:22:886 DAM/(6710:6710): Voy a leer el archivo DAM.config
[INFO] 17:41:22:891 DAM/(6710:6710): 	PUERTO ESCUCHA: 8000
[INFO] 17:41:22:892 DAM/(6710:6710): 	IP DE S-AFA: 127.0.0.1
[INFO] 17:41:22:893 DAM/(6710:6710): 	PUERTO DE S-AFA: 8001
[INFO] 17:41:22:893 DAM/(6710:6710): 	IP DE MDJ: 137.0.0.1
[INFO] 17:41:22:893 DAM/(6710:6710): 	PUERTO DE MDJ: 8002
[INFO] 17:41:22:893 DAM/(6710:6710): 	IP DE FM9: 127.0.0.1
[INFO] 17:41:22:894 DAM/(6710:6710): 	PUERTO DE FM9: 8003
[INFO] 17:41:22:894 DAM/(6710:6710): 	TRANSFER SIZE: 16
[INFO] 17:41:22:894 DAM/(6710:6710): Fin de lectura
[INFO] 17:41:22:895 DAM/(6710:6710): me conecto al SAFA
[INFO] 17:41:22:895 DAM/(6710:6710): me conecto al FM9
[ERROR] 17:41:22:896 DAM/(6710:6710): no se pudo conectar con MDJ
[INFO] 17:41:22:896 DAM/(6710:6710): voy a escuchar el puerto 8000 
[INFO] 17:49:03:574 DAM/(6710:6712): socket n° 4 se ha desconectado.

[INFO] 17:49:21:461 DAM/(6710:6710): Voy a cerrar DAM
[INFO] 17:49:21:462 DAM/(6710:6710): Cierro log de DAM
[INFO] 17:49:22:791 DAM/(7085:7085): Se genero log de DAM
[INFO] 17:49:22:793 DAM/(7085:7085): Voy a leer el archivo DAM.config
[INFO] 17:49:22:795 DAM/(7085:7085): 	PUERTO ESCUCHA: 8000
[INFO] 17:49:22:798 DAM/(7085:7085): 	IP DE S-AFA: 127.0.0.1
[INFO] 17:49:22:799 DAM/(7085:7085): 	PUERTO DE S-AFA: 8001
[INFO] 17:49:22:799 DAM/(7085:7085): 	IP DE MDJ: 137.0.0.1
[INFO] 17:49:22:799 DAM/(7085:7085): 	PUERTO DE MDJ: 8002
[INFO] 17:49:22:799 DAM/(7085:7085): 	IP DE FM9: 127.0.0.1
[INFO] 17:49:22:800 DAM/(7085:7085): 	PUERTO DE FM9: 8003
[INFO] 17:49:22:800 DAM/(7085:7085): 	TRANSFER SIZE: 16
[INFO] 17:49:22:800 DAM/(7085:7085): Fin de lectura
[INFO] 17:49:22:801 DAM/(7085:7085): me conecto al SAFA
[INFO] 17:49:22:802 DAM/(7085:7085): me conecto al FM9
[ERROR] 17:49:22:802 DAM/(7085:7085): no se pudo conectar con MDJ
[INFO] 17:49:22:802 DAM/(7085:7085): voy a escuchar el puerto 8000 
[INFO] 17:50:52:332 DAM/(7085:7087): socket n° 4 se ha desconectado.

[INFO] 17:52:04:414 DAM/(7085:7089): socket n° 5 se ha desconectado.

[INFO] 17:52:05:325 DAM/(7085:7127): socket n° 8 se ha desconectado.

