[INFO] 21:37:44:752 SAFA/(5364:5364): Se genero log de S-AFA
[INFO] 21:37:44:753 SAFA/(5364:5364): Voy a leer el archivo S-AFA.config
[INFO] 21:37:44:753 SAFA/(5364:5364): 	PUERTO: 8001
[INFO] 21:37:44:753 SAFA/(5364:5364): 	ALGORITMO_PLANIFICACION: RR
[INFO] 21:37:44:753 SAFA/(5364:5364): 	QUANTUM: 3
[INFO] 21:37:44:753 SAFA/(5364:5364): 	GRADO_MULTIPROGRAMACION: 3
[INFO] 21:37:44:754 SAFA/(5364:5364): 	RETARDO: 1
[INFO] 21:37:44:754 SAFA/(5364:5364): Fin de lectura
[INFO] 21:37:44:754 SAFA/(5364:5364): Voy a escuchar por mi puerto: 8001
[INFO] 21:37:51:435 SAFA/(5364:5364): Voy a cerrar SAFA
[INFO] 21:37:51:435 SAFA/(5364:5364): Cierro log de S-AFA
[INFO] 21:42:06:72 SAFA/(6163:6163): Se genero log de S-AFA
[INFO] 21:42:06:73 SAFA/(6163:6163): Voy a leer el archivo S-AFA.config
[INFO] 21:42:06:73 SAFA/(6163:6163): 	PUERTO: 8001
[INFO] 21:42:06:73 SAFA/(6163:6163): 	ALGORITMO_PLANIFICACION: RR
[INFO] 21:42:06:73 SAFA/(6163:6163): 	QUANTUM: 3
[INFO] 21:42:06:73 SAFA/(6163:6163): 	GRADO_MULTIPROGRAMACION: 3
[INFO] 21:42:06:73 SAFA/(6163:6163): 	RETARDO: 1
[INFO] 21:42:06:74 SAFA/(6163:6163): Fin de lectura
[INFO] 21:42:06:74 SAFA/(6163:6163): Voy a escuchar por mi puerto: 8001
[INFO] 21:42:11:317 SAFA/(6163:6163): Voy a cerrar SAFA
[INFO] 21:42:11:317 SAFA/(6163:6163): Cierro log de S-AFA
[INFO] 21:42:15:678 SAFA/(6177:6177): Se genero log de S-AFA
[INFO] 21:42:15:678 SAFA/(6177:6177): Voy a leer el archivo S-AFA.config
[INFO] 21:42:15:678 SAFA/(6177:6177): 	PUERTO: 8001
[INFO] 21:42:15:678 SAFA/(6177:6177): 	ALGORITMO_PLANIFICACION: RR
[INFO] 21:42:15:678 SAFA/(6177:6177): 	QUANTUM: 3
[INFO] 21:42:15:678 SAFA/(6177:6177): 	GRADO_MULTIPROGRAMACION: 3
[INFO] 21:42:15:678 SAFA/(6177:6177): 	RETARDO: 1
[INFO] 21:42:15:678 SAFA/(6177:6177): Fin de lectura
[INFO] 21:42:15:678 SAFA/(6177:6177): Voy a escuchar por mi puerto: 8001
[INFO] 21:43:09:720 SAFA/(6177:6249): Handshake con El Diego
[INFO] 21:43:36:740 SAFA/(6177:6274): Handshake con La CPU
[INFO] 22:07:00:402 SAFA/(8350:8350): Se genero log de S-AFA
[INFO] 22:07:00:405 SAFA/(8350:8350): Voy a leer el archivo S-AFA.config
[INFO] 22:07:00:406 SAFA/(8350:8350): 	PUERTO: 8001
[INFO] 22:07:00:406 SAFA/(8350:8350): 	ALGORITMO_PLANIFICACION: RR
[INFO] 22:07:00:406 SAFA/(8350:8350): 	QUANTUM: 3
[INFO] 22:07:00:406 SAFA/(8350:8350): 	GRADO_MULTIPROGRAMACION: 3
[INFO] 22:07:00:406 SAFA/(8350:8350): 	RETARDO: 1
[INFO] 22:07:00:406 SAFA/(8350:8350): Fin de lectura
[INFO] 22:07:00:406 SAFA/(8350:8350): Voy a escuchar por mi puerto: 8001
[INFO] 22:07:04:854 SAFA/(8350:8350): Voy a cerrar SAFA
[INFO] 22:07:04:854 SAFA/(8350:8350): Cierro log de S-AFA
