[INFO] 16:58:49:129 SAFA/(8550:8550): Se genero log de S-AFA
[INFO] 16:58:49:131 SAFA/(8550:8550): Voy a leer el archivo S-AFA.config
[INFO] 16:58:49:131 SAFA/(8550:8550): 	PUERTO: 8001
[INFO] 16:58:49:131 SAFA/(8550:8550): 	ALGORITMO_PLANIFICACION: RR
[INFO] 16:58:49:131 SAFA/(8550:8550): 	QUANTUM: 3
[INFO] 16:58:49:132 SAFA/(8550:8550): 	GRADO_MULTIPROGRAMACION: 3
[INFO] 16:58:49:132 SAFA/(8550:8550): 	RETARDO: 1
[INFO] 16:58:49:132 SAFA/(8550:8550): Fin de lectura
[INFO] 16:58:49:132 SAFA/(8550:8550): Voy a escuchar por el puerto: 8001
[TRACE] 16:58:49:133 SAFA/(8550:8552): Se espera a que haya GDT's en la cola Ready
[INFO] 16:59:00:155 SAFA/(8550:8551): Voy a cerrar SAFA
[INFO] 16:59:00:155 SAFA/(8550:8551): Cierro log de S-AFA
[INFO] 15:22:09:40 SAFA/(4454:4454): Se genero log de S-AFA
[INFO] 15:22:09:50 SAFA/(4454:4454): Voy a leer el archivo S-AFA.config
[INFO] 15:22:09:52 SAFA/(4454:4454): 	PUERTO: 8001
[INFO] 15:22:09:53 SAFA/(4454:4454): 	ALGORITMO_PLANIFICACION: RR
[INFO] 15:22:09:53 SAFA/(4454:4454): 	QUANTUM: 3
[INFO] 15:22:09:54 SAFA/(4454:4454): 	GRADO_MULTIPROGRAMACION: 3
[INFO] 15:22:09:54 SAFA/(4454:4454): 	RETARDO: 1
[INFO] 15:22:09:54 SAFA/(4454:4454): Fin de lectura
[INFO] 15:22:09:54 SAFA/(4454:4454): Voy a escuchar por el puerto: 8001
[TRACE] 15:22:09:56 SAFA/(4454:4457): Se espera a que haya GDT's en la cola Ready
[INFO] 15:22:56:395 SAFA/(4454:4615): Se ha conectado DAM en el socket NRO 5  con IP 10.0.2.15,  PUERTO 8001

[INFO] 15:25:58:256 SAFA/(4454:4615): socket n° 5 se ha desconectado.

[INFO] 15:26:21:970 SAFA/(4454:4720): Se ha conectado DAM en el socket NRO 6  con IP 10.0.2.15,  PUERTO 8001

[INFO] 15:26:41:743 SAFA/(4454:4764): Se ha conectado CPU en el socket NRO 5  con IP 127.0.0.1,  PUERTO 8001

[INFO] 15:26:43:745 SAFA/(4454:4764): socket n° 5 se ha desconectado.

[INFO] 15:27:00:325 SAFA/(4454:4720): socket n° 6 se ha desconectado.

[INFO] 16:05:22:821 SAFA/(6548:6548): Se genero log de S-AFA
[INFO] 16:05:22:822 SAFA/(6548:6548): Voy a leer el archivo S-AFA.config
[INFO] 16:05:22:823 SAFA/(6548:6548): 	PUERTO: 8001
[INFO] 16:05:22:823 SAFA/(6548:6548): 	ALGORITMO_PLANIFICACION: RR
[INFO] 16:05:22:823 SAFA/(6548:6548): 	QUANTUM: 3
[INFO] 16:05:22:823 SAFA/(6548:6548): 	GRADO_MULTIPROGRAMACION: 3
[INFO] 16:05:22:823 SAFA/(6548:6548): 	RETARDO: 1
[INFO] 16:05:22:823 SAFA/(6548:6548): Fin de lectura
[INFO] 16:05:22:823 SAFA/(6548:6548): Voy a escuchar por el puerto: 8001
[TRACE] 16:05:22:824 SAFA/(6548:6550): Se espera a que haya GDT's en la cola Ready
[TRACE] 16:05:25:948 SAFA/(6548:6549): comando no reconocido

[TRACE] 16:05:28:645 SAFA/(6548:6549): Estado de las colas:

[TRACE] 16:05:28:646 SAFA/(6548:6549): La Info De Los DTB En Cada Cola Son:

[TRACE] 16:05:28:646 SAFA/(6548:6549): Cola New:

[TRACE] 16:05:28:646 SAFA/(6548:6549): Cola Ready:

[TRACE] 16:05:28:646 SAFA/(6548:6549): Cola Blocked:

[TRACE] 16:05:28:646 SAFA/(6548:6549): Cola Finished:

[TRACE] 16:05:50:406 SAFA/(6548:6549): Se hace ingreso del script escriptorio de la ruta /racing.txt para su futura ejecucion

[TRACE] 16:06:01:730 SAFA/(6548:6549): Se hace ingreso del script escriptorio de la ruta river.txt para su futura ejecucion

[INFO] 16:06:50:26 SAFA/(6704:6704): Se genero log de S-AFA
[INFO] 16:06:50:28 SAFA/(6704:6704): Voy a leer el archivo S-AFA.config
[INFO] 16:06:50:29 SAFA/(6704:6704): 	PUERTO: 8001
[INFO] 16:06:50:30 SAFA/(6704:6704): 	ALGORITMO_PLANIFICACION: RR
[INFO] 16:06:50:31 SAFA/(6704:6704): 	QUANTUM: 3
[INFO] 16:06:50:32 SAFA/(6704:6704): 	GRADO_MULTIPROGRAMACION: 3
[INFO] 16:06:50:33 SAFA/(6704:6704): 	RETARDO: 1
[INFO] 16:06:50:33 SAFA/(6704:6704): Fin de lectura
[INFO] 16:06:50:34 SAFA/(6704:6704): Voy a escuchar por el puerto: 8001
[TRACE] 16:06:50:35 SAFA/(6704:6706): Se espera a que haya GDT's en la cola Ready
[TRACE] 16:07:39:470 SAFA/(6704:6705): Se hace ingreso del script escriptorio de la ruta river.txt para su futura ejecucion

[TRACE] 16:07:46:317 SAFA/(6704:6705): Se hace ingreso del script escriptorio de la ruta racing.txt para su futura ejecucion

[INFO] 16:07:51:706 SAFA/(6704:6746): Se ha conectado DAM en el socket NRO 5  con IP 10.0.2.15,  PUERTO 8001

[INFO] 16:07:57:655 SAFA/(6704:6761): Se ha conectado CPU en el socket NRO 6  con IP 127.0.0.1,  PUERTO 8001

[TRACE] 16:07:58:655 SAFA/(6704:6706): Segun RR el DTB a ejecutar ahora es el de id = 1
[TRACE] 16:07:59:655 SAFA/(6704:6706): Segun RR el DTB a ejecutar ahora es el de id = 2
[TRACE] 16:07:59:656 SAFA/(6704:6706): Se espera a que haya GDT's en la cola Ready
[INFO] 16:07:59:656 SAFA/(6704:6761): socket n° 6 se ha desconectado.

[TRACE] 16:08:10:482 SAFA/(6704:6705): Se hace ingreso del script escriptorio de la ruta boca.txt para su futura ejecucion

[TRACE] 16:08:18:485 SAFA/(6704:6705): Se hace ingreso del script escriptorio de la ruta vele.txt para su futura ejecucion

[TRACE] 16:08:22:99 SAFA/(6704:6706): Segun RR el DTB a ejecutar ahora es el de id = 3
[TRACE] 16:08:23:100 SAFA/(6704:6706): Segun RR el DTB a ejecutar ahora es el de id = 4
[TRACE] 16:08:23:101 SAFA/(6704:6706): Se espera a que haya GDT's en la cola Ready
[INFO] 16:13:22:833 SAFA/(7109:7109): Se genero log de S-AFA
[INFO] 16:13:22:834 SAFA/(7109:7109): Voy a leer el archivo S-AFA.config
[INFO] 16:13:22:835 SAFA/(7109:7109): 	PUERTO: 8001
[INFO] 16:13:22:835 SAFA/(7109:7109): 	ALGORITMO_PLANIFICACION: RR
[INFO] 16:13:22:835 SAFA/(7109:7109): 	QUANTUM: 3
[INFO] 16:13:22:836 SAFA/(7109:7109): 	GRADO_MULTIPROGRAMACION: 3
[INFO] 16:13:22:836 SAFA/(7109:7109): 	RETARDO: 1
[INFO] 16:13:22:836 SAFA/(7109:7109): Fin de lectura
[INFO] 16:13:22:836 SAFA/(7109:7109): Voy a escuchar por el puerto: 8001
[TRACE] 16:13:22:838 SAFA/(7109:7111): Se espera a que haya GDT's en la cola Ready
[INFO] 16:13:36:791 SAFA/(7109:7163): Se ha conectado DAM en el socket NRO 5  con IP 10.0.2.15,  PUERTO 8001

[TRACE] 16:13:49:150 SAFA/(7109:7110): Se hace ingreso del script escriptorio de la ruta racing para su futura ejecucion

[ERROR] 16:13:49:150 SAFA/(7109:7110): SAFA en estado corrupto, no se admiten nuevos GDT´S
[INFO] 16:14:49:576 SAFA/(7109:7163): socket n° 5 se ha desconectado.

[TRACE] 16:14:54:692 SAFA/(7109:7110): comando no reconocido

[TRACE] 16:14:56:140 SAFA/(7109:7110): comando no reconocido

[INFO] 16:15:04:637 SAFA/(7272:7272): Se genero log de S-AFA
[INFO] 16:15:04:640 SAFA/(7272:7272): Voy a leer el archivo S-AFA.config
[INFO] 16:15:04:642 SAFA/(7272:7272): 	PUERTO: 8001
[INFO] 16:15:04:643 SAFA/(7272:7272): 	ALGORITMO_PLANIFICACION: RR
[INFO] 16:15:04:645 SAFA/(7272:7272): 	QUANTUM: 3
[INFO] 16:15:04:646 SAFA/(7272:7272): 	GRADO_MULTIPROGRAMACION: 3
[INFO] 16:15:04:647 SAFA/(7272:7272): 	RETARDO: 1
[INFO] 16:15:04:647 SAFA/(7272:7272): Fin de lectura
[INFO] 16:15:04:647 SAFA/(7272:7272): Voy a escuchar por el puerto: 8001
[TRACE] 16:15:04:648 SAFA/(7272:7274): Se espera a que haya GDT's en la cola Ready
[INFO] 16:15:08:30 SAFA/(7272:7287): Se ha conectado DAM en el socket NRO 5  con IP 10.0.2.15,  PUERTO 8001

[ERROR] 16:15:17:983 SAFA/(7272:7273): SAFA en estado corrupto, no se admiten nuevos GDT´S
[ERROR] 16:15:22:404 SAFA/(7272:7273): SAFA en estado corrupto, no se admiten nuevos GDT´S
[INFO] 16:15:31:733 SAFA/(7272:7317): Se ha conectado CPU en el socket NRO 6  con IP 127.0.0.1,  PUERTO 8001

[INFO] 16:15:33:734 SAFA/(7272:7317): socket n° 6 se ha desconectado.

[TRACE] 16:15:37:512 SAFA/(7272:7273): Se hace ingreso del script escriptorio de la ruta sdasd para su futura ejecucion

[TRACE] 16:15:38:513 SAFA/(7272:7274): Segun RR el DTB a ejecutar ahora es el de id = 1
[TRACE] 16:15:38:513 SAFA/(7272:7274): Se espera a que haya GDT's en la cola Ready
[TRACE] 16:15:58:558 SAFA/(7272:7273): Se hace ingreso del script escriptorio de la ruta dvfsv para su futura ejecucion

[TRACE] 16:16:02:696 SAFA/(7272:7273): Se hace ingreso del script escriptorio de la ruta bgbgbgb para su futura ejecucion

[TRACE] 16:16:05:447 SAFA/(7272:7274): Segun RR el DTB a ejecutar ahora es el de id = 2
[TRACE] 16:16:06:448 SAFA/(7272:7274): Segun RR el DTB a ejecutar ahora es el de id = 3
[TRACE] 16:16:06:448 SAFA/(7272:7274): Se espera a que haya GDT's en la cola Ready
[INFO] 16:16:12:362 SAFA/(7272:7273): Voy a cerrar SAFA
[INFO] 16:16:12:363 SAFA/(7272:7273): Cierro log de S-AFA
[INFO] 16:25:30:165 SAFA/(7695:7695): Se genero log de S-AFA
[INFO] 16:25:30:168 SAFA/(7695:7695): Voy a leer el archivo S-AFA.config
[INFO] 16:25:30:169 SAFA/(7695:7695): 	PUERTO: 8001
[INFO] 16:25:30:170 SAFA/(7695:7695): 	ALGORITMO_PLANIFICACION: RR
[INFO] 16:25:30:170 SAFA/(7695:7695): 	QUANTUM: 3
[INFO] 16:25:30:170 SAFA/(7695:7695): 	GRADO_MULTIPROGRAMACION: 3
[INFO] 16:25:30:170 SAFA/(7695:7695): 	RETARDO: 1
[INFO] 16:25:30:172 SAFA/(7695:7695): Fin de lectura
[INFO] 16:25:30:174 SAFA/(7695:7695): Voy a escuchar por el puerto: 8001
[TRACE] 16:25:30:175 SAFA/(7695:7697): Se espera a que haya GDT's en la cola Ready
[INFO] 16:25:37:581 SAFA/(7695:7710): Se ha conectado DAM en el socket NRO 5  con IP 10.0.2.15,  PUERTO 8001

[ERROR] 16:25:43:126 SAFA/(7695:7696): SAFA en estado corrupto, no se admiten nuevos GDT´S
[INFO] 16:25:48:273 SAFA/(7695:7732): Se ha conectado CPU en el socket NRO 6  con IP 127.0.0.1,  PUERTO 8001

[INFO] 16:25:50:274 SAFA/(7695:7732): socket n° 6 se ha desconectado.

[TRACE] 16:26:03:868 SAFA/(7695:7696): Se hace ingreso del script escriptorio de la ruta adbd para su futura ejecucion

[TRACE] 16:26:04:869 SAFA/(7695:7697): Segun RR el DTB a ejecutar ahora es el de id = 1
[TRACE] 16:26:04:869 SAFA/(7695:7697): Se espera a que haya GDT's en la cola Ready
[TRACE] 16:26:07:994 SAFA/(7695:7696): Se ha pausado la planificacion
[TRACE] 16:26:10:492 SAFA/(7695:7696): Se hace ingreso del script escriptorio de la ruta erw para su futura ejecucion

[TRACE] 16:26:14:335 SAFA/(7695:7696): Se hace ingreso del script escriptorio de la ruta ghdfhg para su futura ejecucion

[TRACE] 16:26:17:490 SAFA/(7695:7696): Se hace ingreso del script escriptorio de la ruta hgfh para su futura ejecucion

[TRACE] 16:26:21:129 SAFA/(7695:7696): Se hace ingreso del script escriptorio de la ruta khtlip para su futura ejecucion

[TRACE] 16:26:24:917 SAFA/(7695:7696): Se hace ingreso del script escriptorio de la ruta hhhhhh para su futura ejecucion

[TRACE] 16:26:27:784 SAFA/(7695:7696): Se va a continuar con la planificacion
[TRACE] 16:26:27:784 SAFA/(7695:7697): Segun RR el DTB a ejecutar ahora es el de id = 2
[TRACE] 16:26:28:785 SAFA/(7695:7697): Segun RR el DTB a ejecutar ahora es el de id = 3
[TRACE] 16:26:28:786 SAFA/(7695:7697): Se espera a que haya GDT's en la cola Ready
[INFO] 16:27:32:512 SAFA/(7695:7696): Voy a cerrar SAFA
[INFO] 16:27:32:512 SAFA/(7695:7696): Cierro log de S-AFA
[INFO] 16:27:39:632 SAFA/(7847:7847): Se genero log de S-AFA
[INFO] 16:27:39:634 SAFA/(7847:7847): Voy a leer el archivo S-AFA.config
[INFO] 16:27:39:635 SAFA/(7847:7847): 	PUERTO: 8001
[INFO] 16:27:39:636 SAFA/(7847:7847): 	ALGORITMO_PLANIFICACION: RR
[INFO] 16:27:39:637 SAFA/(7847:7847): 	QUANTUM: 3
[INFO] 16:27:39:638 SAFA/(7847:7847): 	GRADO_MULTIPROGRAMACION: 3
[INFO] 16:27:39:639 SAFA/(7847:7847): 	RETARDO: 1
[INFO] 16:27:39:640 SAFA/(7847:7847): Fin de lectura
[INFO] 16:27:39:641 SAFA/(7847:7847): Voy a escuchar por el puerto: 8001
[TRACE] 16:27:39:642 SAFA/(7847:7849): Se espera a que haya GDT's en la cola Ready
[INFO] 16:27:47:206 SAFA/(7847:7860): Se ha conectado DAM en el socket NRO 5  con IP 10.0.2.15,  PUERTO 8001

[INFO] 16:27:50:480 SAFA/(7847:7875): Se ha conectado CPU en el socket NRO 6  con IP 127.0.0.1,  PUERTO 8001

[INFO] 16:27:52:483 SAFA/(7847:7875): socket n° 6 se ha desconectado.

[TRACE] 16:27:54:721 SAFA/(7847:7848): Se hace ingreso del script escriptorio de la ruta hgfhfghfgh para su futura ejecucion

[TRACE] 16:27:55:722 SAFA/(7847:7849): Segun RR el DTB a ejecutar ahora es el de id = 1
[TRACE] 16:27:55:723 SAFA/(7847:7849): Se espera a que haya GDT's en la cola Ready
[TRACE] 16:27:58:539 SAFA/(7847:7848): Se ha pausado la planificacion
[TRACE] 16:28:01:768 SAFA/(7847:7848): Se hace ingreso del script escriptorio de la ruta yyy para su futura ejecucion

[TRACE] 16:28:04:543 SAFA/(7847:7848): Se hace ingreso del script escriptorio de la ruta ewerw para su futura ejecucion

[TRACE] 16:28:07:573 SAFA/(7847:7848): Se hace ingreso del script escriptorio de la ruta jhjghjhgj para su futura ejecucion

[TRACE] 16:28:10:505 SAFA/(7847:7848): Se hace ingreso del script escriptorio de la ruta jjjj para su futura ejecucion

[TRACE] 16:28:12:882 SAFA/(7847:7848): comando no reconocido

[TRACE] 16:28:15:815 SAFA/(7847:7848): Se va a continuar con la planificacion
[TRACE] 16:28:15:815 SAFA/(7847:7849): Segun RR el DTB a ejecutar ahora es el de id = 2
[TRACE] 16:28:16:816 SAFA/(7847:7849): Segun RR el DTB a ejecutar ahora es el de id = 3
[TRACE] 16:28:17:817 SAFA/(7847:7849): Segun RR el DTB a ejecutar ahora es el de id = 4
[TRACE] 16:28:18:818 SAFA/(7847:7849): Segun RR el DTB a ejecutar ahora es el de id = 5
[TRACE] 16:28:18:818 SAFA/(7847:7849): Se espera a que haya GDT's en la cola Ready
[INFO] 16:35:33:149 SAFA/(7847:7860): socket n° 5 se ha desconectado.

[INFO] 16:35:37:377 SAFA/(7847:8174): Se ha conectado DAM en el socket NRO 7  con IP 10.0.2.15,  PUERTO 8001

[INFO] 16:37:09:951 SAFA/(7847:8288): Se ha conectado CPU en el socket NRO 5  con IP 127.0.0.1,  PUERTO 8001

[INFO] 04:15:03:177 SAFA/(9815:9815): Se genero log de S-AFA
[INFO] 04:15:03:179 SAFA/(9815:9815): Voy a leer el archivo S-AFA.config
[INFO] 04:15:03:181 SAFA/(9815:9815): 	PUERTO: 8001
[INFO] 04:15:03:183 SAFA/(9815:9815): 	ALGORITMO_PLANIFICACION: RR
[INFO] 04:15:03:184 SAFA/(9815:9815): 	QUANTUM: 3
[INFO] 04:15:03:185 SAFA/(9815:9815): 	GRADO_MULTIPROGRAMACION: 3
[INFO] 04:15:03:185 SAFA/(9815:9815): 	RETARDO: 1
[INFO] 04:15:03:185 SAFA/(9815:9815): Fin de lectura
[INFO] 04:15:03:185 SAFA/(9815:9815): Voy a escuchar por el puerto: 8001
[INFO] 04:16:46:616 SAFA/(9815:9960): Se ha conectado DAM en el socket NRO 5  con IP 10.0.2.15,  PUERTO 8001

[ERROR] 04:16:58:61 SAFA/(9815:9816): SAFA en estado corrupto, no se admiten nuevos GDT´S
[INFO] 04:17:07:653 SAFA/(9815:9990): Se ha conectado CPU en el socket NRO 6  con IP 127.0.0.1,  PUERTO 8001

[INFO] 04:17:30:193 SAFA/(10019:10019): Se genero log de S-AFA
[INFO] 04:17:30:193 SAFA/(10019:10019): Voy a leer el archivo S-AFA.config
[INFO] 04:17:30:194 SAFA/(10019:10019): 	PUERTO: 8001
[INFO] 04:17:30:194 SAFA/(10019:10019): 	ALGORITMO_PLANIFICACION: RR
[INFO] 04:17:30:194 SAFA/(10019:10019): 	QUANTUM: 3
[INFO] 04:17:30:194 SAFA/(10019:10019): 	GRADO_MULTIPROGRAMACION: 3
[INFO] 04:17:30:194 SAFA/(10019:10019): 	RETARDO: 1
[INFO] 04:17:30:194 SAFA/(10019:10019): Fin de lectura
[INFO] 04:17:30:195 SAFA/(10019:10019): Voy a escuchar por el puerto: 8001
[INFO] 04:17:33:409 SAFA/(10019:10036): Se ha conectado CPU en el socket NRO 5  con IP 127.0.0.1,  PUERTO 8001

[INFO] 04:22:36:986 SAFA/(10174:10174): Se genero log de S-AFA
[INFO] 04:22:36:986 SAFA/(10174:10174): Voy a leer el archivo S-AFA.config
[INFO] 04:22:36:987 SAFA/(10174:10174): 	PUERTO: 8001
[INFO] 04:22:36:987 SAFA/(10174:10174): 	ALGORITMO_PLANIFICACION: RR
[INFO] 04:22:36:987 SAFA/(10174:10174): 	QUANTUM: 3
[INFO] 04:22:36:987 SAFA/(10174:10174): 	GRADO_MULTIPROGRAMACION: 3
[INFO] 04:22:36:987 SAFA/(10174:10174): 	RETARDO: 1
[INFO] 04:22:36:987 SAFA/(10174:10174): Fin de lectura
[INFO] 04:22:36:987 SAFA/(10174:10174): Voy a escuchar por el puerto: 8001
[INFO] 04:22:46:200 SAFA/(10174:10198): Se ha conectado CPU en el socket NRO 5  con IP 127.0.0.1,  PUERTO 8001

[INFO] 04:23:23:629 SAFA/(10225:10225): Se genero log de S-AFA
[INFO] 04:23:23:629 SAFA/(10225:10225): Voy a leer el archivo S-AFA.config
[INFO] 04:23:23:629 SAFA/(10225:10225): 	PUERTO: 8001
[INFO] 04:23:23:629 SAFA/(10225:10225): 	ALGORITMO_PLANIFICACION: RR
[INFO] 04:23:23:630 SAFA/(10225:10225): 	QUANTUM: 3
[INFO] 04:23:23:630 SAFA/(10225:10225): 	GRADO_MULTIPROGRAMACION: 3
[INFO] 04:23:23:630 SAFA/(10225:10225): 	RETARDO: 1
[INFO] 04:23:23:630 SAFA/(10225:10225): Fin de lectura
[INFO] 04:23:23:630 SAFA/(10225:10225): Voy a escuchar por el puerto: 8001
[INFO] 04:24:32:522 SAFA/(10225:10239): Se ha conectado CPU en el socket NRO 5  con IP 127.0.0.1,  PUERTO 8001

[INFO] 04:28:04:744 SAFA/(10367:10367): Se genero log de S-AFA
[INFO] 04:28:04:745 SAFA/(10367:10367): Voy a leer el archivo S-AFA.config
[INFO] 04:28:04:745 SAFA/(10367:10367): 	PUERTO: 8001
[INFO] 04:28:04:745 SAFA/(10367:10367): 	ALGORITMO_PLANIFICACION: RR
[INFO] 04:28:04:745 SAFA/(10367:10367): 	QUANTUM: 3
[INFO] 04:28:04:745 SAFA/(10367:10367): 	GRADO_MULTIPROGRAMACION: 3
[INFO] 04:28:04:745 SAFA/(10367:10367): 	RETARDO: 1
[INFO] 04:28:04:746 SAFA/(10367:10367): Fin de lectura
[INFO] 04:28:04:746 SAFA/(10367:10367): Voy a escuchar por el puerto: 8001
[INFO] 04:28:12:171 SAFA/(10367:10384): Se ha conectado CPU en el socket NRO 5  con IP 127.0.0.1,  PUERTO 8001

[INFO] 04:32:27:198 SAFA/(10499:10499): Se genero log de S-AFA
[INFO] 04:32:27:198 SAFA/(10499:10499): Voy a leer el archivo S-AFA.config
[INFO] 04:32:27:199 SAFA/(10499:10499): 	PUERTO: 8001
[INFO] 04:32:27:199 SAFA/(10499:10499): 	ALGORITMO_PLANIFICACION: RR
[INFO] 04:32:27:199 SAFA/(10499:10499): 	QUANTUM: 3
[INFO] 04:32:27:199 SAFA/(10499:10499): 	GRADO_MULTIPROGRAMACION: 3
[INFO] 04:32:27:200 SAFA/(10499:10499): 	RETARDO: 1
[INFO] 04:32:27:200 SAFA/(10499:10499): Fin de lectura
[INFO] 04:32:27:200 SAFA/(10499:10499): Voy a escuchar por el puerto: 8001
[INFO] 04:32:33:97 SAFA/(10499:10517): Se ha conectado CPU en el socket NRO 5  con IP 127.0.0.1,  PUERTO 8001

[INFO] 04:35:30:245 SAFA/(10633:10633): Se genero log de S-AFA
[INFO] 04:35:30:245 SAFA/(10633:10633): Voy a leer el archivo S-AFA.config
[INFO] 04:35:30:245 SAFA/(10633:10633): 	PUERTO: 8001
[INFO] 04:35:30:245 SAFA/(10633:10633): 	ALGORITMO_PLANIFICACION: RR
[INFO] 04:35:30:245 SAFA/(10633:10633): 	QUANTUM: 3
[INFO] 04:35:30:246 SAFA/(10633:10633): 	GRADO_MULTIPROGRAMACION: 3
[INFO] 04:35:30:246 SAFA/(10633:10633): 	RETARDO: 1
[INFO] 04:35:30:246 SAFA/(10633:10633): Fin de lectura
[INFO] 04:35:30:246 SAFA/(10633:10633): Voy a escuchar por el puerto: 8001
[INFO] 04:35:36:244 SAFA/(10633:10651): Se ha conectado CPU en el socket NRO 5  con IP 127.0.0.1,  PUERTO 8001

[INFO] 04:39:41:878 SAFA/(10772:10772): Se genero log de S-AFA
[INFO] 04:39:41:879 SAFA/(10772:10772): Voy a leer el archivo S-AFA.config
[INFO] 04:39:41:879 SAFA/(10772:10772): 	PUERTO: 8001
[INFO] 04:39:41:879 SAFA/(10772:10772): 	ALGORITMO_PLANIFICACION: RR
[INFO] 04:39:41:879 SAFA/(10772:10772): 	QUANTUM: 3
[INFO] 04:39:41:879 SAFA/(10772:10772): 	GRADO_MULTIPROGRAMACION: 3
[INFO] 04:39:41:880 SAFA/(10772:10772): 	RETARDO: 1
[INFO] 04:39:41:880 SAFA/(10772:10772): Fin de lectura
[INFO] 04:39:41:880 SAFA/(10772:10772): Voy a escuchar por el puerto: 8001
[INFO] 04:39:48:672 SAFA/(10772:10789): Se ha conectado CPU en el socket NRO 5  con IP 127.0.0.1,  PUERTO 8001

[TRACE] 04:41:24:793 SAFA/(10772:10776): comando no reconocido

[TRACE] 04:41:32:637 SAFA/(10772:10776): Se ha pausado la planificacion
[ERROR] 04:41:36:559 SAFA/(10772:10776): SAFA en estado corrupto, no se admiten nuevos GDT´S
[INFO] 04:42:06:560 SAFA/(10772:10861): Se ha conectado DAM en el socket NRO 6  con IP 10.0.2.15,  PUERTO 8001

[TRACE] 04:42:22:312 SAFA/(10772:10776): Se hace ingreso del script escriptorio de la ruta boca para su futura ejecucion

[TRACE] 04:42:28:705 SAFA/(10772:10776): Se hace ingreso del script escriptorio de la ruta river para su futura ejecucion

[TRACE] 04:42:35:141 SAFA/(10772:10776): Se va a continuar con la planificacion
[TRACE] 04:42:53:773 SAFA/(10772:10776): Se hace ingreso del script escriptorio de la ruta vv para su futura ejecucion

[INFO] 04:48:08:326 SAFA/(11050:11050): Se genero log de S-AFA
[INFO] 04:48:08:327 SAFA/(11050:11050): Voy a leer el archivo S-AFA.config
[INFO] 04:48:08:327 SAFA/(11050:11050): 	PUERTO: 8001
[INFO] 04:48:08:327 SAFA/(11050:11050): 	ALGORITMO_PLANIFICACION: RR
[INFO] 04:48:08:327 SAFA/(11050:11050): 	QUANTUM: 3
[INFO] 04:48:08:327 SAFA/(11050:11050): 	GRADO_MULTIPROGRAMACION: 3
[INFO] 04:48:08:327 SAFA/(11050:11050): 	RETARDO: 1
[INFO] 04:48:08:328 SAFA/(11050:11050): Fin de lectura
[INFO] 04:48:08:328 SAFA/(11050:11050): Voy a escuchar por el puerto: 8001
[INFO] 04:48:16:21 SAFA/(11050:11067): Se ha conectado CPU en el socket NRO 5  con IP 127.0.0.1,  PUERTO 8001

[INFO] 16:58:42:996 SAFA/(4799:4799): Se genero log de S-AFA
[INFO] 16:58:42:1 SAFA/(4799:4799): Voy a leer el archivo S-AFA.config
[INFO] 16:58:42:3 SAFA/(4799:4799): 	PUERTO: 8001
[INFO] 16:58:42:3 SAFA/(4799:4799): 	ALGORITMO_PLANIFICACION: RR
[INFO] 16:58:42:3 SAFA/(4799:4799): 	QUANTUM: 3
[INFO] 16:58:43:4 SAFA/(4799:4799): 	GRADO_MULTIPROGRAMACION: 3
[INFO] 16:58:43:4 SAFA/(4799:4799): 	RETARDO: 1
[INFO] 16:58:43:4 SAFA/(4799:4799): Fin de lectura
[INFO] 16:58:43:5 SAFA/(4799:4799): Voy a escuchar por el puerto: 8001
[INFO] 16:58:54:766 SAFA/(4799:4814): Se ha conectado DAM en el socket NRO 5  con IP 10.0.2.15,  PUERTO 8001

[INFO] 16:59:10:722 SAFA/(4799:4846): Se ha conectado CPU en el socket NRO 6  con IP 127.0.0.1,  PUERTO 8001

[INFO] 17:02:46:27 SAFA/(4984:4984): Se genero log de S-AFA
[INFO] 17:02:46:28 SAFA/(4984:4984): Voy a leer el archivo S-AFA.config
[INFO] 17:02:46:28 SAFA/(4984:4984): 	PUERTO: 8001
[INFO] 17:02:46:28 SAFA/(4984:4984): 	ALGORITMO_PLANIFICACION: RR
[INFO] 17:02:46:28 SAFA/(4984:4984): 	QUANTUM: 3
[INFO] 17:02:46:28 SAFA/(4984:4984): 	GRADO_MULTIPROGRAMACION: 3
[INFO] 17:02:46:28 SAFA/(4984:4984): 	RETARDO: 1
[INFO] 17:02:46:29 SAFA/(4984:4984): Fin de lectura
[INFO] 17:02:46:29 SAFA/(4984:4984): Voy a escuchar por el puerto: 8001
[INFO] 17:02:52:254 SAFA/(4984:5001): Se ha conectado CPU en el socket NRO 5  con IP 127.0.0.1,  PUERTO 8001

[INFO] 17:06:23:453 SAFA/(5142:5142): Se genero log de S-AFA
[INFO] 17:06:23:454 SAFA/(5142:5142): Voy a leer el archivo S-AFA.config
[INFO] 17:06:23:454 SAFA/(5142:5142): 	PUERTO: 8001
[INFO] 17:06:23:454 SAFA/(5142:5142): 	ALGORITMO_PLANIFICACION: RR
[INFO] 17:06:23:454 SAFA/(5142:5142): 	QUANTUM: 3
[INFO] 17:06:23:454 SAFA/(5142:5142): 	GRADO_MULTIPROGRAMACION: 3
[INFO] 17:06:23:454 SAFA/(5142:5142): 	RETARDO: 1
[INFO] 17:06:23:454 SAFA/(5142:5142): Fin de lectura
[INFO] 17:06:23:454 SAFA/(5142:5142): Voy a escuchar por el puerto: 8001
[INFO] 17:06:31:672 SAFA/(5159:5159): Se genero log de S-AFA
[INFO] 17:06:31:673 SAFA/(5159:5159): Voy a leer el archivo S-AFA.config
[INFO] 17:06:31:673 SAFA/(5159:5159): 	PUERTO: 8001
[INFO] 17:06:31:673 SAFA/(5159:5159): 	ALGORITMO_PLANIFICACION: RR
[INFO] 17:06:31:673 SAFA/(5159:5159): 	QUANTUM: 3
[INFO] 17:06:31:673 SAFA/(5159:5159): 	GRADO_MULTIPROGRAMACION: 3
[INFO] 17:06:31:673 SAFA/(5159:5159): 	RETARDO: 1
[INFO] 17:06:31:673 SAFA/(5159:5159): Fin de lectura
[INFO] 17:06:31:673 SAFA/(5159:5159): Voy a escuchar por el puerto: 8001
[INFO] 17:06:38:591 SAFA/(5159:5175): Se ha conectado CPU en el socket NRO 5  con IP 127.0.0.1,  PUERTO 8001

[TRACE] 17:07:03:950 SAFA/(5159:5202): Se espera a que haya GDT's en la cola Ready
[ERROR] 17:08:07:495 SAFA/(5159:5160): SAFA en estado corrupto, no se admiten nuevos GDT´S
[INFO] 17:08:15:530 SAFA/(5159:5231): Se ha conectado DAM en el socket NRO 6  con IP 10.0.2.15,  PUERTO 8001

[TRACE] 17:08:21:46 SAFA/(5159:5160): Se hace ingreso del script escriptorio de la ruta boca para su futura ejecucion

[TRACE] 17:08:22:48 SAFA/(5159:5202): Segun RR el DTB a ejecutar ahora es el de id = 1
[INFO] 17:12:16:583 SAFA/(5350:5350): Se genero log de S-AFA
[INFO] 17:12:16:583 SAFA/(5350:5350): Voy a leer el archivo S-AFA.config
[INFO] 17:12:16:583 SAFA/(5350:5350): 	PUERTO: 8001
[INFO] 17:12:16:584 SAFA/(5350:5350): 	ALGORITMO_PLANIFICACION: RR
[INFO] 17:12:16:584 SAFA/(5350:5350): 	QUANTUM: 3
[INFO] 17:12:16:584 SAFA/(5350:5350): 	GRADO_MULTIPROGRAMACION: 3
[INFO] 17:12:16:584 SAFA/(5350:5350): 	RETARDO: 1
[INFO] 17:12:16:584 SAFA/(5350:5350): Fin de lectura
[INFO] 17:12:16:584 SAFA/(5350:5350): Voy a escuchar por el puerto: 8001
[INFO] 17:12:20:812 SAFA/(5350:5367): Se ha conectado CPU en el socket NRO 5  con IP 127.0.0.1,  PUERTO 8001

[INFO] 17:12:32:197 SAFA/(5350:5393): Se ha conectado DAM en el socket NRO 6  con IP 10.0.2.15,  PUERTO 8001

[TRACE] 17:12:32:923 SAFA/(5350:5369): Se espera a que haya GDT's en la cola Ready
[TRACE] 17:12:35:138 SAFA/(5350:5354): comando no reconocido

[TRACE] 17:13:18:125 SAFA/(5350:5354): Se hace ingreso del script escriptorio de la ruta boca para su futura ejecucion

[TRACE] 17:15:05:734 SAFA/(5350:5369): Segun RR el DTB a ejecutar ahora es el de id = 1
[INFO] 17:21:01:505 SAFA/(5633:5633): Se genero log de S-AFA
[INFO] 17:21:01:505 SAFA/(5633:5633): Voy a leer el archivo S-AFA.config
[INFO] 17:21:01:506 SAFA/(5633:5633): 	PUERTO: 8001
[INFO] 17:21:01:506 SAFA/(5633:5633): 	ALGORITMO_PLANIFICACION: RR
[INFO] 17:21:01:506 SAFA/(5633:5633): 	QUANTUM: 3
[INFO] 17:21:01:506 SAFA/(5633:5633): 	GRADO_MULTIPROGRAMACION: 3
[INFO] 17:21:01:506 SAFA/(5633:5633): 	RETARDO: 1
[INFO] 17:21:01:506 SAFA/(5633:5633): Fin de lectura
[INFO] 17:21:01:506 SAFA/(5633:5633): Voy a escuchar por el puerto: 8001
[INFO] 17:21:07:215 SAFA/(5633:5653): Se ha conectado CPU en el socket NRO 5  con IP 127.0.0.1,  PUERTO 8001

[INFO] 17:21:19:800 SAFA/(5633:5684): Se ha conectado DAM en el socket NRO 6  con IP 10.0.2.15,  PUERTO 8001

[TRACE] 17:21:20:475 SAFA/(5633:5655): Se espera a que haya GDT's en la cola Ready
[TRACE] 17:21:21:929 SAFA/(5633:5637): comando no reconocido

[TRACE] 17:21:22:368 SAFA/(5633:5637): comando no reconocido

[TRACE] 17:21:31:348 SAFA/(5633:5637): Se hace ingreso del script escriptorio de la ruta boooooca para su futura ejecucion

[TRACE] 17:22:28:993 SAFA/(5633:5655): Segun RR el DTB a ejecutar ahora es el de id = 1
[INFO] 17:26:13:813 SAFA/(5853:5853): Se genero log de S-AFA
[INFO] 17:26:13:813 SAFA/(5853:5853): Voy a leer el archivo S-AFA.config
[INFO] 17:26:13:813 SAFA/(5853:5853): 	PUERTO: 8001
[INFO] 17:26:13:813 SAFA/(5853:5853): 	ALGORITMO_PLANIFICACION: RR
[INFO] 17:26:13:814 SAFA/(5853:5853): 	QUANTUM: 3
[INFO] 17:26:13:814 SAFA/(5853:5853): 	GRADO_MULTIPROGRAMACION: 3
[INFO] 17:26:13:814 SAFA/(5853:5853): 	RETARDO: 1
[INFO] 17:26:13:814 SAFA/(5853:5853): Fin de lectura
[INFO] 17:26:13:814 SAFA/(5853:5853): Voy a escuchar por el puerto: 8001
[INFO] 17:26:24:333 SAFA/(5853:5875): Se ha conectado DAM en el socket NRO 5  con IP 10.0.2.15,  PUERTO 8001

[INFO] 17:26:31:733 SAFA/(5853:5891): Se ha conectado CPU en el socket NRO 6  con IP 127.0.0.1,  PUERTO 8001

[TRACE] 17:27:28:698 SAFA/(5853:5928): Se espera a que haya GDT's en la cola Ready
[TRACE] 17:27:47:66 SAFA/(5853:5857): Se hace ingreso del script escriptorio de la ruta hvgvjk para su futura ejecucion

[TRACE] 17:27:48:67 SAFA/(5853:5928): Segun RR el DTB a ejecutar ahora es el de id = 1
[INFO] 17:32:22:729 SAFA/(6170:6170): Se genero log de S-AFA
[INFO] 17:32:22:730 SAFA/(6170:6170): Voy a leer el archivo S-AFA.config
[INFO] 17:32:22:730 SAFA/(6170:6170): 	PUERTO: 8001
[INFO] 17:32:22:730 SAFA/(6170:6170): 	ALGORITMO_PLANIFICACION: RR
[INFO] 17:32:22:731 SAFA/(6170:6170): 	QUANTUM: 3
[INFO] 17:32:22:731 SAFA/(6170:6170): 	GRADO_MULTIPROGRAMACION: 3
[INFO] 17:32:22:731 SAFA/(6170:6170): 	RETARDO: 1
[INFO] 17:32:22:731 SAFA/(6170:6170): Fin de lectura
[INFO] 17:32:22:731 SAFA/(6170:6170): Voy a escuchar por el puerto: 8001
[INFO] 17:32:43:742 SAFA/(6170:6185): Se ha conectado DAM en el socket NRO 5  con IP 10.0.2.15,  PUERTO 8001

[INFO] 17:32:45:592 SAFA/(6170:6229): Se ha conectado CPU en el socket NRO 6  con IP 127.0.0.1,  PUERTO 8001

[INFO] 17:37:30:340 SAFA/(6424:6424): Se genero log de S-AFA
[INFO] 17:37:30:340 SAFA/(6424:6424): Voy a leer el archivo S-AFA.config
[INFO] 17:37:30:341 SAFA/(6424:6424): 	PUERTO: 8001
[INFO] 17:37:30:341 SAFA/(6424:6424): 	ALGORITMO_PLANIFICACION: RR
[INFO] 17:37:30:341 SAFA/(6424:6424): 	QUANTUM: 3
[INFO] 17:37:30:342 SAFA/(6424:6424): 	GRADO_MULTIPROGRAMACION: 3
[INFO] 17:37:30:342 SAFA/(6424:6424): 	RETARDO: 1
[INFO] 17:37:30:342 SAFA/(6424:6424): Fin de lectura
[INFO] 17:37:30:342 SAFA/(6424:6424): Voy a escuchar por el puerto: 8001
[INFO] 17:37:36:741 SAFA/(6424:6440): Se ha conectado DAM en el socket NRO 5  con IP 10.0.2.15,  PUERTO 8001

[INFO] 17:37:50:722 SAFA/(6424:6487): Se ha conectado CPU en el socket NRO 6  con IP 127.0.0.1,  PUERTO 8001

[INFO] 17:41:18:379 SAFA/(6696:6696): Se genero log de S-AFA
[INFO] 17:41:18:384 SAFA/(6696:6696): Voy a leer el archivo S-AFA.config
[INFO] 17:41:18:385 SAFA/(6696:6696): 	PUERTO: 8001
[INFO] 17:41:18:385 SAFA/(6696:6696): 	ALGORITMO_PLANIFICACION: RR
[INFO] 17:41:18:386 SAFA/(6696:6696): 	QUANTUM: 3
[INFO] 17:41:18:386 SAFA/(6696:6696): 	GRADO_MULTIPROGRAMACION: 3
[INFO] 17:41:18:386 SAFA/(6696:6696): 	RETARDO: 1
[INFO] 17:41:18:386 SAFA/(6696:6696): Fin de lectura
[INFO] 17:41:18:386 SAFA/(6696:6696): Voy a escuchar por el puerto: 8001
[INFO] 17:41:24:890 SAFA/(6696:6711): Se ha conectado DAM en el socket NRO 5  con IP 10.0.2.15,  PUERTO 8001

[INFO] 17:41:38:130 SAFA/(6696:6755): Se ha conectado CPU en el socket NRO 6  con IP 127.0.0.1,  PUERTO 8001

[INFO] 17:49:19:161 SAFA/(7071:7071): Se genero log de S-AFA
[INFO] 17:49:19:162 SAFA/(7071:7071): Voy a leer el archivo S-AFA.config
[INFO] 17:49:19:166 SAFA/(7071:7071): 	PUERTO: 8001
[INFO] 17:49:19:166 SAFA/(7071:7071): 	ALGORITMO_PLANIFICACION: RR
[INFO] 17:49:19:166 SAFA/(7071:7071): 	QUANTUM: 3
[INFO] 17:49:19:167 SAFA/(7071:7071): 	GRADO_MULTIPROGRAMACION: 3
[INFO] 17:49:19:167 SAFA/(7071:7071): 	RETARDO: 1
[INFO] 17:49:19:167 SAFA/(7071:7071): Fin de lectura
[INFO] 17:49:19:167 SAFA/(7071:7071): Voy a escuchar por el puerto: 8001
[INFO] 17:49:22:804 SAFA/(7071:7086): Se ha conectado DAM en el socket NRO 5  con IP 10.0.2.15,  PUERTO 8001

[INFO] 17:49:36:516 SAFA/(7071:7136): Se ha conectado CPU en el socket NRO 6  con IP 127.0.0.1,  PUERTO 8001

[TRACE] 17:49:36:525 SAFA/(7071:7138): Se espera a que haya GDT's en la cola Ready
[TRACE] 17:50:11:127 SAFA/(7071:7075): Se hace ingreso del script escriptorio de la ruta boca.txt para su futura ejecucion

[TRACE] 17:50:12:128 SAFA/(7071:7138): Segun RR el DTB a ejecutar ahora es el de id = 1
[INFO] 17:50:12:129 SAFA/(7071:7136): se va a finalizar el GDT de id 1
[TRACE] 17:50:12:129 SAFA/(7071:7138): Se espera a que haya GDT's en la cola Ready
