
[INFO] 20:15:20:965 MDJ/(12108:12108): Se genero log de MDJ
[INFO] 20:20:43:773 MDJ/(12611:12611): Se genero log de MDJ
[INFO] 20:23:28:922 MDJ/(12694:12694): Se genero log de MDJ
[INFO] 20:23:28:932 MDJ/(12694:12694): Voy a leer el archivo MDJ.config
[INFO] 20:23:28:932 MDJ/(12694:12694): Se verifico que existe MDJ.config
[INFO] 20:23:28:933 MDJ/(12694:12694): 	PUERTO: 5001
[INFO] 20:28:08:216 MDJ/(12789:12789): Se genero log de MDJ
[INFO] 20:28:08:232 MDJ/(12789:12789): Voy a leer el archivo MDJ.config
[INFO] 20:28:08:233 MDJ/(12789:12789): Se verifico que existe MDJ.config
[INFO] 20:28:08:233 MDJ/(12789:12789): 	PUERTO: 5001
[INFO] 20:28:08:235 MDJ/(12789:12789): 	IP  "190.1.20.0"
[INFO] 20:28:08:235 MDJ/(12789:12789): 	PTO_MONTAJE: "/Pto-Montaje/"
[INFO] 20:28:08:236 MDJ/(12789:12789): 	RETARDO: 20
[INFO] 20:28:08:237 MDJ/(12789:12789): Fin de lectura
[INFO] 20:28:08:237 MDJ/(12789:12789): Cierro log de MDJ
[INFO] 10:43:54:279 MDJ/(15337:15337): Se genero log de MDJ
[INFO] 10:43:54:318 MDJ/(15337:15337): Voy a leer el archivo MDJ.config
[INFO] 10:43:54:319 MDJ/(15337:15337): Se verifico que existe MDJ.config
[INFO] 10:43:54:319 MDJ/(15337:15337): 	PUERTO: 5001
[INFO] 10:43:54:319 MDJ/(15337:15337): 	IP  "190.1.20.0"
[INFO] 10:43:54:319 MDJ/(15337:15337): 	PTO_MONTAJE: "/Pto-Montaje/"
[INFO] 10:43:54:320 MDJ/(15337:15337): 	RETARDO: 20
[INFO] 10:43:54:320 MDJ/(15337:15337): Fin de lectura
[INFO] 10:43:54:320 MDJ/(15337:15337): Cierro log de MDJ
[INFO] 11:24:33:221 MDJ/(17439:17439): Se genero log de MDJ
[INFO] 11:24:33:231 MDJ/(17439:17439): Voy a leer el archivo MDJ.config
[INFO] 11:30:42:358 MDJ/(17667:17667): Se genero log de MDJ
[INFO] 11:30:42:359 MDJ/(17667:17667): Voy a leer el archivo MDJ.config
[INFO] 11:48:51:431 MDJ/(18061:18061): Se genero log de MDJ
[INFO] 11:48:51:434 MDJ/(18061:18061): Voy a leer el archivo MDJ.config
[INFO] 11:48:51:435 MDJ/(18061:18061): Se verifico que existe MDJ.config
[INFO] 11:48:51:437 MDJ/(18061:18061): 	PUERTO: 5001
[INFO] 11:48:51:446 MDJ/(18061:18061): 	IP  "190.1.20.0"
[INFO] 11:48:51:447 MDJ/(18061:18061): 	PTO_MONTAJE: "/Pto-Montaje/"
[INFO] 11:48:51:452 MDJ/(18061:18061): 	RETARDO: 20
[INFO] 11:48:51:453 MDJ/(18061:18061): Fin de lectura
[INFO] 11:48:51:454 MDJ/(18061:18061): Cierro log de MDJ
[INFO] 12:09:56:45 MDJ/(21287:21287): Se genero log de MDJ
[INFO] 12:09:56:45 MDJ/(21287:21287): Voy a leer el archivo MDJ.config
[INFO] 12:09:56:47 MDJ/(21287:21287): Se verifico que existe MDJ.config
[INFO] 12:09:56:47 MDJ/(21287:21287): 	PUERTO: 5001
[INFO] 12:09:56:48 MDJ/(21287:21287): 	IP  "190.1.20.0"
[INFO] 12:09:56:49 MDJ/(21287:21287): 	PTO_MONTAJE: "/Pto-Montaje/"
[INFO] 12:09:56:49 MDJ/(21287:21287): 	RETARDO: 20
[INFO] 12:09:56:56 MDJ/(21287:21287): Fin de lectura
[INFO] 12:09:56:56 MDJ/(21287:21287): Cierro log de MDJ


     

[INFO] 14:14:05:880 MDJ/(24161:24161): Se genero log de MDJ
[INFO] 14:14:05:881 MDJ/(24161:24161): Voy a leer el archivo MDJ.config
[INFO] 14:14:05:887 MDJ/(24161:24161): Se verifico que existe MDJ.config
[INFO] 14:14:05:888 MDJ/(24161:24161): 	PUERTO: 5001
[INFO] 14:14:05:888 MDJ/(24161:24161): 	IP 172.17.0.1
[INFO] 14:14:05:889 MDJ/(24161:24161): 	PTO_MONTAJE: /Pto-Montaje/
[INFO] 14:14:05:894 MDJ/(24161:24161): 	RETARDO: 20
[INFO] 14:14:05:895 MDJ/(24161:24161): Fin de lectura
[INFO] 14:14:05:895 MDJ/(24161:24161): Cierro log de MDJ
